<?xml version="1.0" encoding="UTF-8"?>
<!-- Generated by org.testng.reporters.JUnitReportReporter -->
<testsuite hostname="DESKTOP-IRSR8MK" failures="0" tests="3" name="com.orangeHRM.test.SampleTest" time="2.481" errors="0" timestamp="2025-10-15T14:43:44 IST" skipped="0">
  <testcase classname="com.orangeHRM.test.SampleTest" name="verifyTitle" time="0.038"/>
  <testcase classname="com.orangeHRM.test.SampleTest" name="verifyUrl" time="0.015"/>
  <testcase classname="com.orangeHRM.test.SampleTest" name="verifyCreateAccount" time="2.428"/>
</testsuite> <!-- com.orangeHRM.test.SampleTest -->
